<?xml version="1.0" encoding="UTF-8"?>
<!-- Generated by org.testng.reporters.JUnitXMLReporter -->
<testsuite hostname="Govind-PC" ignored="0" name="Test" tests="1" failures="0" timestamp="2020-06-08T03:21:43 IST" time="0.201" errors="0">
  <testcase name="@BeforeTest launchingBestSellersPage" time="0.08" classname="com.amazon.pages.BestSellersPageTest">
    <failure type="java.lang.NullPointerException">
      <![CDATA[java.lang.NullPointerException
at com.config.Keyword.openBrowser(Keyword.java:50)
at com.amazon.pages.BestSellersPage.pageSetUp(BestSellersPage.java:19)
at com.amazon.pages.BestSellersPageTest.launchingBestSellersPage(BestSellersPageTest.java:20)
... Removed 24 stack frames]]>
    </failure>
  </testcase> <!-- @BeforeTest launchingBestSellersPage -->
  <testcase name="TC01" time="0.0" classname="com.amazon.pages.BestSellersPageTest">
    <skipped/>
  </testcase> <!-- TC01 -->
</testsuite> <!-- Test -->
